Using pre-set license
Built from '2020.3/staging' branch; Version is '2020.3.20f1 (41c4e627c95f) revision 4310246'; Using compiler version '192528614'; Build Type 'Release'
OS: 'Windows 10 Pro; OS build 19044.2130; Version 2009; 64bit' Language: 'en' Physical Memory: 32717 MB
BatchMode: 1, IsHumanControllingUs: 0, StartBugReporterOnCrash: 0, Is64bit: 1, IsPro: 0

COMMAND LINE ARGUMENTS:
C:\Program Files\Unity\Hub\Editor\2020.3.20f1\Editor\Unity.exe
-adb2
-batchMode
-noUpm
-name
AssetImportWorker0
-projectPath
E:/Unity/Project/Unity-Project-Lighting
-logFile
Logs/AssetImportWorker0.log
-srvPort
57959
Successfully changed project path to: E:/Unity/Project/Unity-Project-Lighting
E:/Unity/Project/Unity-Project-Lighting
Using Asset Import Pipeline V2.
Refreshing native plugins compatible for Editor in 92.04 ms, found 2 plugins.
Preloading 0 native plugins for Editor in 0.00 ms.
Initialize engine version: 2020.3.20f1 (41c4e627c95f)
[Subsystems] Discovering subsystems at path C:/Program Files/Unity/Hub/Editor/2020.3.20f1/Editor/Data/Resources/UnitySubsystems
[Subsystems] Discovering subsystems at path E:/Unity/Project/Unity-Project-Lighting/Assets
GfxDevice: creating device client; threaded=0
Direct3D:
    Version:  Direct3D 11.0 [level 11.1]
    Renderer: NVIDIA GeForce GTX 1080 (ID=0x1b80)
    Vendor:   
    VRAM:     8079 MB
    Driver:   30.0.15.1215
Initialize mono
Mono path[0] = 'C:/Program Files/Unity/Hub/Editor/2020.3.20f1/Editor/Data/Managed'
Mono path[1] = 'C:/Program Files/Unity/Hub/Editor/2020.3.20f1/Editor/Data/MonoBleedingEdge/lib/mono/unityjit'
Mono config path = 'C:/Program Files/Unity/Hub/Editor/2020.3.20f1/Editor/Data/MonoBleedingEdge/etc'
Using monoOptions --debugger-agent=transport=dt_socket,embedding=1,server=y,suspend=n,address=127.0.0.1:56968
Begin MonoManager ReloadAssembly
Registering precompiled unity dll's ...
Register platform support module: C:/Program Files/Unity/Hub/Editor/2020.3.20f1/Editor/Data/PlaybackEngines/WindowsStandaloneSupport/UnityEditor.WindowsStandalone.Extensions.dll
Registered in 0.002918 seconds.
Native extension for WindowsStandalone target not found
Refreshing native plugins compatible for Editor in 103.19 ms, found 2 plugins.
Preloading 0 native plugins for Editor in 0.00 ms.
Mono: successfully reloaded assembly
- Completed reload, in  1.482 seconds
Domain Reload Profiling:
	ReloadAssembly (1482ms)
		BeginReloadAssembly (77ms)
			ExecutionOrderSort (0ms)
			DisableScriptedObjects (0ms)
			BackupInstance (0ms)
			ReleaseScriptingObjects (0ms)
			CreateAndSetChildDomain (1ms)
		EndReloadAssembly (515ms)
			LoadAssemblies (73ms)
			RebuildTransferFunctionScriptingTraits (0ms)
			SetupTypeCache (154ms)
			ReleaseScriptCaches (0ms)
			RebuildScriptCaches (49ms)
			SetupLoadedEditorAssemblies (228ms)
				LogAssemblyErrors (0ms)
				InitializePlatformSupportModulesInManaged (4ms)
				SetLoadedEditorAssemblies (0ms)
				RefreshPlugins (103ms)
				BeforeProcessingInitializeOnLoad (15ms)
				ProcessInitializeOnLoadAttributes (77ms)
				ProcessInitializeOnLoadMethodAttributes (28ms)
				AfterProcessingInitializeOnLoad (0ms)
				EditorAssembliesLoaded (0ms)
			ExecutionOrderSort2 (0ms)
			AwakeInstancesAfterBackupRestoration (0ms)
Platform modules already initialized, skipping
Registering precompiled user dll's ...
Registered in 0.004483 seconds.
Begin MonoManager ReloadAssembly
Symbol file LoadedFromMemory is not a mono symbol file
Error: Could not load signature of Unity.UI.Builder.BuilderTextShadow:.ctor due to: Could not resolve type with token 010000e9 (from typeref, class/assembly UnityEngine.UIElements.StyleTextShadow, UnityEngine.UIElementsModule, Version=1.0.0.0, Culture=neutral, PublicKeyToken=null) assembly:UnityEngine.UIElementsModule, Version=1.0.0.0, Culture=neutral, PublicKeyToken=null type:UnityEngine.UIElements.StyleTextShadow member:(null) signature:<none>
The scripted importer 'UIElementsViewImporter' attempted to register file type '.uxml', which is handled by a native Unity importer. Registration rejected.
UnityEngine.StackTraceUtility:ExtractStackTrace ()
UnityEditor.AssetImporters.ScriptedImporter:RegisterScriptedImporters ()

[C:\buildslave\unity\build\Modules/AssetDatabase/Editor/Public/ImporterRegistry.cpp line 245]

The scripted importer 'StyleSheetImporter' attempted to register file type '.uss', which is handled by a native Unity importer. Registration rejected.
UnityEngine.StackTraceUtility:ExtractStackTrace ()
UnityEditor.AssetImporters.ScriptedImporter:RegisterScriptedImporters ()

[C:\buildslave\unity\build\Modules/AssetDatabase/Editor/Public/ImporterRegistry.cpp line 245]

The scripted importer 'ThemeStyleSheetImporter' attempted to register file type '.tss', which is handled by a native Unity importer. Registration rejected.
UnityEngine.StackTraceUtility:ExtractStackTrace ()
UnityEditor.AssetImporters.ScriptedImporter:RegisterScriptedImporters ()

[C:\buildslave\unity\build\Modules/AssetDatabase/Editor/Public/ImporterRegistry.cpp line 245]

ArgumentException: An item with the same key has already been added. Key: UnityEditor.UIElements.EditorAtlasMonitorInjector
Parameter name: key
  at System.Collections.Generic.SortedList`2[TKey,TValue].Add (TKey key, TValue value) [0x00041] in <0463b2ef957545c0a51b42f372cd4fbb>:0 
  at UnityEditor.AssetPostprocessingInternal.GetTextureProcessorsHashString () [0x000a2] in <83a38f5397d94e36a22efa3369c82390>:0 
UnityEngine.DebugLogHandler:Internal_LogException(Exception, Object)
UnityEngine.DebugLogHandler:LogException(Exception, Object)
UnityEngine.Logger:LogException(Exception, Object)
UnityEngine.Debug:LogException(Exception)
UnityEditor.AssetPostprocessingInternal:GetTextureProcessorsHashString()

Unloading broken assembly Library/ScriptAssemblies/UnityEditor.UIBuilderModule.dll, this assembly can cause crashes in the runtime
Native extension for WindowsStandalone target not found
Refreshing native plugins compatible for Editor in 154.83 ms, found 2 plugins.
Preloading 0 native plugins for Editor in 0.00 ms.
ASSEMBLY OVERRIDES: * override found for Unity assembly UnityEngine.UIElementsModule.dll (override path Library/ScriptAssemblies/UnityEngine.UIElementsModule.dll)
ASSEMBLY OVERRIDES: * override found for Unity assembly UnityEditor.UIElementsModule.dll (override path Library/ScriptAssemblies/UnityEditor.UIElementsModule.dll)
System.Reflection.TargetInvocationException: Exception has been thrown by the target of an invocation. ---> UnityEngine.UnityException: The MakeClientFunc has already been registered. Registration denied.
  at UnityEngine.UIElements.DragAndDropUtility.RegisterMakeClientFunc (System.Func`1[TResult] makeClient) [0x00017] in <4c8a9874288b4fb78fa7fdbcd8065b00>:0 
  at UnityEditor.UIElements.EditorDragAndDrop.RegisterEditorClient () [0x0000a] in <1ada6c7052bb42378c5ec1bd01fc4723>:0 
  at (wrapper managed-to-native) System.Reflection.MonoMethod.InternalInvoke(System.Reflection.MonoMethod,object,object[],System.Exception&)
  at System.Reflection.MonoMethod.Invoke (System.Object obj, System.Reflection.BindingFlags invokeAttr, System.Reflection.Binder binder, System.Object[] parameters, System.Globalization.CultureInfo culture) [0x00032] in <695d1cc93cca45069c528c15c9fdd749>:0 
   --- End of inner exception stack trace ---
  at System.Reflection.MonoMethod.Invoke (System.Object obj, System.Reflection.BindingFlags invokeAttr, System.Reflection.Binder binder, System.Object[] parameters, System.Globalization.CultureInfo culture) [0x00048] in <695d1cc93cca45069c528c15c9fdd749>:0 
  at System.Reflection.MethodBase.Invoke (System.Object obj, System.Object[] parameters) [0x00000] in <695d1cc93cca45069c528c15c9fdd749>:0 
  at UnityEditor.EditorAssemblies.ProcessInitializeOnLoadMethodAttributes () [0x00047] in <83a38f5397d94e36a22efa3369c82390>:0 
UnityEngine.StackTraceUtility:ExtractStackTrace ()
UnityEngine.DebugLogHandler:LogFormat (UnityEngine.LogType,UnityEngine.Object,string,object[])
UnityEngine.Logger:Log (UnityEngine.LogType,object)
UnityEngine.Debug:LogError (object)
UnityEditor.EditorAssemblies:ProcessInitializeOnLoadMethodAttributes ()

ASSEMBLY OVERRIDES: * override found for Unity assembly UnityEngine.UIElementsModule.dll (override path Library/ScriptAssemblies/UnityEngine.UIElementsModule.dll)
ASSEMBLY OVERRIDES: * override found for Unity assembly UnityEditor.UIElementsModule.dll (override path Library/ScriptAssemblies/UnityEditor.UIElementsModule.dll)
Mono: successfully reloaded assembly
- Completed reload, in  1.806 seconds
Domain Reload Profiling:
	ReloadAssembly (1808ms)
		BeginReloadAssembly (191ms)
			ExecutionOrderSort (0ms)
			DisableScriptedObjects (8ms)
			BackupInstance (0ms)
			ReleaseScriptingObjects (0ms)
			CreateAndSetChildDomain (19ms)
		EndReloadAssembly (1547ms)
			LoadAssemblies (143ms)
			RebuildTransferFunctionScriptingTraits (0ms)
			SetupTypeCache (582ms)
			ReleaseScriptCaches (1ms)
			RebuildScriptCaches (127ms)
			SetupLoadedEditorAssemblies (505ms)
				LogAssemblyErrors (0ms)
				InitializePlatformSupportModulesInManaged (5ms)
				SetLoadedEditorAssemblies (0ms)
				RefreshPlugins (155ms)
				BeforeProcessingInitializeOnLoad (110ms)
				ProcessInitializeOnLoadAttributes (217ms)
				ProcessInitializeOnLoadMethodAttributes (7ms)
				AfterProcessingInitializeOnLoad (10ms)
				EditorAssembliesLoaded (0ms)
			ExecutionOrderSort2 (0ms)
			AwakeInstancesAfterBackupRestoration (6ms)
Platform modules already initialized, skipping
========================================================================
Worker process is ready to serve import requests
Launched and connected shader compiler UnityShaderCompiler.exe after 0.07 seconds
Refreshing native plugins compatible for Editor in 0.92 ms, found 2 plugins.
Preloading 0 native plugins for Editor in 0.00 ms.
Unloading 3405 Unused Serialized files (Serialized files now loaded: 0)
System memory in use before: 157.4 MB.
System memory in use after: 157.6 MB.

Unloading 19 unused Assets to reduce memory usage. Loaded Objects now: 3856.
Total: 3.394900 ms (FindLiveObjects: 0.328300 ms CreateObjectMapping: 0.170200 ms MarkObjects: 2.786000 ms  DeleteObjects: 0.109200 ms)

AssetImportParameters requested are different than current active one (requested -> active):
  custom:framework-win-MediaFoundation: 216162199b28c13a410421893ffa2e32 -> 
  custom:video-decoder-ogg-theora: a1e56fd34408186e4bbccfd4996cb3dc -> 
  custom:container-muxer-webm: aa71ff27fc2769a1b78a27578f13a17b -> 
  custom:container-demuxer-webm: 4f35f7cbe854078d1ac9338744f61a02 -> 
  custom:container-demuxer-ogg: 62fdf1f143b41e24485cea50d1cbac27 -> 
  custom:video-encoder-webm-vp8: eb34c28f22e8b96e1ab97ce403110664 -> 
  custom:video-codec-MediaFoundation-h265: 746d11721c4dcdbdad8f713fa42b33f4 -> 
  custom:video-decoder-webm-vp8: 9c59270c3fd7afecdb556c50c9e8de78 -> 
  custom:audio-decoder-ogg-vorbis: bf7c407c2cedff20999df2af8eb42d56 -> 
  custom:audio-encoder-webm-vorbis: bf7c407c2cedff20999df2af8eb42d56 -> 
========================================================================
Received Import Request.
  path: Assets/camera_button.uxml
  artifactKey: Guid(690edf016ad6d6b47a5856ea38957bef) Importer(815301076,1909f56bfc062723c751e8b465ee728b)
Start importing Assets/camera_button.uxml using Guid(690edf016ad6d6b47a5856ea38957bef) Importer(815301076,1909f56bfc062723c751e8b465ee728b) Diagnostics callstack to track who triggered the sub-import:
0x00007ff6867266b2 (Unity) ImporterAssetResolver::ResolveAsset
0x00007ff6866f1cd2 (Unity) ResolveArtifactV2
0x00007ff686711690 (Unity) ImportToObjects
0x00007ff686710a98 (Unity) ImportAsset
0x00007ff6866727f8 (Unity) AssetImportWorker::Import
0x00007ff6866c5b8a (Unity) <lambda_7448d646502792db0127dc89657ec83e>::operator()
0x00007ff68676a262 (Unity) asio::detail::completion_handler<core::mutable_function<void __cdecl(void)> >::do_complete
0x00007ff68676c3c0 (Unity) asio::detail::win_iocp_io_service::do_one
0x00007ff68676fb4e (Unity) asio::io_service::run
0x00007ff6866f29eb (Unity) RunAssetImportWorkerClientV2
0x00007ff6866f2a40 (Unity) RunAssetImporterV2
0x00007ff685bb6616 (Unity) Application::InitializeProject
0x00007ff686561b22 (Unity) WinMain
0x00007ff6883b92b6 (Unity) __scrt_common_main_seh
0x00007ff8279e7034 (KERNEL32) BaseThreadInitThunk
0x00007ff8285026a1 (ntdll) RtlUserThreadStart

Requesting import of Guid(690edf016ad6d6b47a5856ea38957bef) Importer(-1,00000000000000000000000000000000), Assets/camera_button.uxml from editor
Resuming Guid(690edf016ad6d6b47a5856ea38957bef) Importer(-1,00000000000000000000000000000000) -> e399e1dbfc48e7c1a4df1efd7ed35615 
Assertion failed on expression: 'state.state == kUpToDate'
Assertion failed on expression: 'state.artifactID == result'
Diagnostics callstack to track who triggered the sub-import:
0x00007ff6867266b2 (Unity) ImporterAssetResolver::ResolveAsset
0x00007ff6866f1cd2 (Unity) ResolveArtifactV2
0x00007ff6866e8a91 (Unity) ProduceArtifactV2
0x00007ff6866377be (Unity) AssetDatabase::ProduceArtifact
0x00007ff68661c968 (Unity) PreviewImporter::GenerateAssetData
0x00007ff686711a59 (Unity) ImportToObjects
0x00007ff686710a98 (Unity) ImportAsset
0x00007ff6866727f8 (Unity) AssetImportWorker::Import
0x00007ff6866c5b8a (Unity) <lambda_7448d646502792db0127dc89657ec83e>::operator()
0x00007ff68676a262 (Unity) asio::detail::completion_handler<core::mutable_function<void __cdecl(void)> >::do_complete
0x00007ff68676c3c0 (Unity) asio::detail::win_iocp_io_service::do_one
0x00007ff68676fb4e (Unity) asio::io_service::run
0x00007ff6866f29eb (Unity) RunAssetImportWorkerClientV2
0x00007ff6866f2a40 (Unity) RunAssetImporterV2
0x00007ff685bb6616 (Unity) Application::InitializeProject
0x00007ff686561b22 (Unity) WinMain
0x00007ff6883b92b6 (Unity) __scrt_common_main_seh
0x00007ff8279e7034 (KERNEL32) BaseThreadInitThunk
0x00007ff8285026a1 (ntdll) RtlUserThreadStart

Requesting import of Guid(690edf016ad6d6b47a5856ea38957bef) Importer(-1,00000000000000000000000000000000), Assets/camera_button.uxml from editor
Resuming Guid(690edf016ad6d6b47a5856ea38957bef) Importer(-1,00000000000000000000000000000000) -> e399e1dbfc48e7c1a4df1efd7ed35615 
Assertion failed on expression: 'state.state == kUpToDate'
Assertion failed on expression: 'state.artifactID == result'
 -> (artifact id: '2e7960bed4327c30a7bd1b7d0c4c7d99') in 2.435589 seconds 
  Import took 2.441978 seconds .

========================================================================
Received Import Request.
  Time since last request: 0.000443 seconds.
  path: Assets/New Material.mat
  artifactKey: Guid(ebb018efbd5cc0449b0124059edafbef) Importer(815301076,1909f56bfc062723c751e8b465ee728b)
Start importing Assets/New Material.mat using Guid(ebb018efbd5cc0449b0124059edafbef) Importer(815301076,1909f56bfc062723c751e8b465ee728b)  -> (artifact id: '25101c11a61e5dab6b1bef04f719a9c0') in 0.253140 seconds 
  Import took 0.258581 seconds .

========================================================================
Received Import Request.
  Time since last request: 3714.850762 seconds.
  path: Assets/UI Toolkit
  artifactKey: Guid(84500aba4513c50428ac265cbbb2ca0d) Importer(815301076,1909f56bfc062723c751e8b465ee728b)
Start importing Assets/UI Toolkit using Guid(84500aba4513c50428ac265cbbb2ca0d) Importer(815301076,1909f56bfc062723c751e8b465ee728b)  -> (artifact id: 'ae3cc1a2de7ec4c14b7a41bc907d979f') in 0.010750 seconds 
  Import took 0.100481 seconds .

========================================================================
Received Import Request.
  Time since last request: 16.024662 seconds.
  path: Assets/UI Toolkit/NewUXMLTemplate.uxml
  artifactKey: Guid(a081756242bc9de4aa0dc7d72f0ebf17) Importer(815301076,1909f56bfc062723c751e8b465ee728b)
Start importing Assets/UI Toolkit/NewUXMLTemplate.uxml using Guid(a081756242bc9de4aa0dc7d72f0ebf17) Importer(815301076,1909f56bfc062723c751e8b465ee728b) Diagnostics callstack to track who triggered the sub-import:
0x00007ff6867266b2 (Unity) ImporterAssetResolver::ResolveAsset
0x00007ff6866f1cd2 (Unity) ResolveArtifactV2
0x00007ff686711690 (Unity) ImportToObjects
0x00007ff686710a98 (Unity) ImportAsset
0x00007ff6866727f8 (Unity) AssetImportWorker::Import
0x00007ff6866c5b8a (Unity) <lambda_7448d646502792db0127dc89657ec83e>::operator()
0x00007ff68676a262 (Unity) asio::detail::completion_handler<core::mutable_function<void __cdecl(void)> >::do_complete
0x00007ff68676c3c0 (Unity) asio::detail::win_iocp_io_service::do_one
0x00007ff68676fb4e (Unity) asio::io_service::run
0x00007ff6866f29eb (Unity) RunAssetImportWorkerClientV2
0x00007ff6866f2a40 (Unity) RunAssetImporterV2
0x00007ff685bb6616 (Unity) Application::InitializeProject
0x00007ff686561b22 (Unity) WinMain
0x00007ff6883b92b6 (Unity) __scrt_common_main_seh
0x00007ff8279e7034 (KERNEL32) BaseThreadInitThunk
0x00007ff8285026a1 (ntdll) RtlUserThreadStart

Requesting import of Guid(a081756242bc9de4aa0dc7d72f0ebf17) Importer(-1,00000000000000000000000000000000), Assets/UI Toolkit/NewUXMLTemplate.uxml from editor
Resuming Guid(a081756242bc9de4aa0dc7d72f0ebf17) Importer(-1,00000000000000000000000000000000) -> 0f884a897362ac1bf42a5182bf8751fe 
Assertion failed on expression: 'state.state == kUpToDate'
Assertion failed on expression: 'state.artifactID == result'
Diagnostics callstack to track who triggered the sub-import:
0x00007ff6867266b2 (Unity) ImporterAssetResolver::ResolveAsset
0x00007ff6866f1cd2 (Unity) ResolveArtifactV2
0x00007ff6866e8a91 (Unity) ProduceArtifactV2
0x00007ff6866377be (Unity) AssetDatabase::ProduceArtifact
0x00007ff68661c968 (Unity) PreviewImporter::GenerateAssetData
0x00007ff686711a59 (Unity) ImportToObjects
0x00007ff686710a98 (Unity) ImportAsset
0x00007ff6866727f8 (Unity) AssetImportWorker::Import
0x00007ff6866c5b8a (Unity) <lambda_7448d646502792db0127dc89657ec83e>::operator()
0x00007ff68676a262 (Unity) asio::detail::completion_handler<core::mutable_function<void __cdecl(void)> >::do_complete
0x00007ff68676c3c0 (Unity) asio::detail::win_iocp_io_service::do_one
0x00007ff68676fb4e (Unity) asio::io_service::run
0x00007ff6866f29eb (Unity) RunAssetImportWorkerClientV2
0x00007ff6866f2a40 (Unity) RunAssetImporterV2
0x00007ff685bb6616 (Unity) Application::InitializeProject
0x00007ff686561b22 (Unity) WinMain
0x00007ff6883b92b6 (Unity) __scrt_common_main_seh
0x00007ff8279e7034 (KERNEL32) BaseThreadInitThunk
0x00007ff8285026a1 (ntdll) RtlUserThreadStart

Requesting import of Guid(a081756242bc9de4aa0dc7d72f0ebf17) Importer(-1,00000000000000000000000000000000), Assets/UI Toolkit/NewUXMLTemplate.uxml from editor
Resuming Guid(a081756242bc9de4aa0dc7d72f0ebf17) Importer(-1,00000000000000000000000000000000) -> 0f884a897362ac1bf42a5182bf8751fe 
Assertion failed on expression: 'state.state == kUpToDate'
Assertion failed on expression: 'state.artifactID == result'
 -> (artifact id: 'ee9cd65e61b0a39ae6dfa4aea5b9cd23') in 0.026484 seconds 
  Import took 0.032525 seconds .

========================================================================
Received Import Request.
  Time since last request: 3.805492 seconds.
  path: Assets/UI Toolkit/UnityThemes
  artifactKey: Guid(5c4fd10cf1b86f14ba95cd06cd41a091) Importer(815301076,1909f56bfc062723c751e8b465ee728b)
Start importing Assets/UI Toolkit/UnityThemes using Guid(5c4fd10cf1b86f14ba95cd06cd41a091) Importer(815301076,1909f56bfc062723c751e8b465ee728b)  -> (artifact id: '00e47b46dbae6d652d63b2e3f0333b3b') in 0.007919 seconds 
  Import took 0.018490 seconds .

========================================================================
Received Import Request.
  Time since last request: 11.304160 seconds.
  path: Assets/Settings/ForwardRenderer.asset
  artifactKey: Guid(4a8e21d5c33334b11b34a596161b9360) Importer(815301076,1909f56bfc062723c751e8b465ee728b)
Start importing Assets/Settings/ForwardRenderer.asset using Guid(4a8e21d5c33334b11b34a596161b9360) Importer(815301076,1909f56bfc062723c751e8b465ee728b)  -> (artifact id: '7fa9b3dd9f62dc012d0e81b7cffdedc2') in 11.588838 seconds 
  Import took 11.598082 seconds .

========================================================================
Received Import Request.
  Time since last request: 4.244631 seconds.
  path: Assets/Settings/SampleSceneProfile.asset
  artifactKey: Guid(10fc4df2da32a41aaa32d77bc913491c) Importer(815301076,1909f56bfc062723c751e8b465ee728b)
Start importing Assets/Settings/SampleSceneProfile.asset using Guid(10fc4df2da32a41aaa32d77bc913491c) Importer(815301076,1909f56bfc062723c751e8b465ee728b)  -> (artifact id: '8e032b039bcbd1476593e9ea1649b903') in 0.065813 seconds 
  Import took 0.080274 seconds .

========================================================================
Received Import Request.
  Time since last request: 0.002566 seconds.
  path: Assets
  artifactKey: Guid(00000000000000001000000000000000) Importer(815301076,1909f56bfc062723c751e8b465ee728b)
Start importing Assets using Guid(00000000000000001000000000000000) Importer(815301076,1909f56bfc062723c751e8b465ee728b)  -> (artifact id: '42d402b061de3733987d63b9cc3b64de') in 0.010626 seconds 
  Import took 0.022579 seconds .

========================================================================
Received Import Request.
  Time since last request: 0.000276 seconds.
  path: Assets/Settings/UniversalRP-LowQuality.asset
  artifactKey: Guid(a31e9f9f9c9d4b9429ed0d1234e22103) Importer(815301076,1909f56bfc062723c751e8b465ee728b)
Start importing Assets/Settings/UniversalRP-LowQuality.asset using Guid(a31e9f9f9c9d4b9429ed0d1234e22103) Importer(815301076,1909f56bfc062723c751e8b465ee728b)  -> (artifact id: '6873b356855449b052d88fb52d94f6af') in 0.028164 seconds 
  Import took 0.038612 seconds .

========================================================================
Received Import Request.
  Time since last request: 0.000299 seconds.
  path: Assets/camera_button.uxml
  artifactKey: Guid(690edf016ad6d6b47a5856ea38957bef) Importer(815301076,1909f56bfc062723c751e8b465ee728b)
Start importing Assets/camera_button.uxml using Guid(690edf016ad6d6b47a5856ea38957bef) Importer(815301076,1909f56bfc062723c751e8b465ee728b) Diagnostics callstack to track who triggered the sub-import:
0x00007ff6867266b2 (Unity) ImporterAssetResolver::ResolveAsset
0x00007ff6866f1cd2 (Unity) ResolveArtifactV2
0x00007ff686711690 (Unity) ImportToObjects
0x00007ff686710a98 (Unity) ImportAsset
0x00007ff6866727f8 (Unity) AssetImportWorker::Import
0x00007ff6866c5b8a (Unity) <lambda_7448d646502792db0127dc89657ec83e>::operator()
0x00007ff68676a262 (Unity) asio::detail::completion_handler<core::mutable_function<void __cdecl(void)> >::do_complete
0x00007ff68676c3c0 (Unity) asio::detail::win_iocp_io_service::do_one
0x00007ff68676fb4e (Unity) asio::io_service::run
0x00007ff6866f29eb (Unity) RunAssetImportWorkerClientV2
0x00007ff6866f2a40 (Unity) RunAssetImporterV2
0x00007ff685bb6616 (Unity) Application::InitializeProject
0x00007ff686561b22 (Unity) WinMain
0x00007ff6883b92b6 (Unity) __scrt_common_main_seh
0x00007ff8279e7034 (KERNEL32) BaseThreadInitThunk
0x00007ff8285026a1 (ntdll) RtlUserThreadStart

Requesting import of Guid(690edf016ad6d6b47a5856ea38957bef) Importer(-1,00000000000000000000000000000000), Assets/camera_button.uxml from editor
Resuming Guid(690edf016ad6d6b47a5856ea38957bef) Importer(-1,00000000000000000000000000000000) -> e399e1dbfc48e7c1a4df1efd7ed35615 
Assertion failed on expression: 'state.state == kUpToDate'
Assertion failed on expression: 'state.artifactID == result'
Diagnostics callstack to track who triggered the sub-import:
0x00007ff6867266b2 (Unity) ImporterAssetResolver::ResolveAsset
0x00007ff6866f1cd2 (Unity) ResolveArtifactV2
0x00007ff6866e8a91 (Unity) ProduceArtifactV2
0x00007ff6866377be (Unity) AssetDatabase::ProduceArtifact
0x00007ff68661c968 (Unity) PreviewImporter::GenerateAssetData
0x00007ff686711a59 (Unity) ImportToObjects
0x00007ff686710a98 (Unity) ImportAsset
0x00007ff6866727f8 (Unity) AssetImportWorker::Import
0x00007ff6866c5b8a (Unity) <lambda_7448d646502792db0127dc89657ec83e>::operator()
0x00007ff68676a262 (Unity) asio::detail::completion_handler<core::mutable_function<void __cdecl(void)> >::do_complete
0x00007ff68676c3c0 (Unity) asio::detail::win_iocp_io_service::do_one
0x00007ff68676fb4e (Unity) asio::io_service::run
0x00007ff6866f29eb (Unity) RunAssetImportWorkerClientV2
0x00007ff6866f2a40 (Unity) RunAssetImporterV2
0x00007ff685bb6616 (Unity) Application::InitializeProject
0x00007ff686561b22 (Unity) WinMain
0x00007ff6883b92b6 (Unity) __scrt_common_main_seh
0x00007ff8279e7034 (KERNEL32) BaseThreadInitThunk
0x00007ff8285026a1 (ntdll) RtlUserThreadStart

Requesting import of Guid(690edf016ad6d6b47a5856ea38957bef) Importer(-1,00000000000000000000000000000000), Assets/camera_button.uxml from editor
Resuming Guid(690edf016ad6d6b47a5856ea38957bef) Importer(-1,00000000000000000000000000000000) -> e399e1dbfc48e7c1a4df1efd7ed35615 
Assertion failed on expression: 'state.state == kUpToDate'
Assertion failed on expression: 'state.artifactID == result'
 -> (artifact id: '2e7960bed4327c30a7bd1b7d0c4c7d99') in 0.009161 seconds 
  Import took 0.017853 seconds .

========================================================================
Received Import Request.
  Time since last request: 0.000293 seconds.
  path: Assets/Settings/UniversalRP-MediumQuality.asset
  artifactKey: Guid(d847b876476d3d6468f5dfcd34266f96) Importer(815301076,1909f56bfc062723c751e8b465ee728b)
Start importing Assets/Settings/UniversalRP-MediumQuality.asset using Guid(d847b876476d3d6468f5dfcd34266f96) Importer(815301076,1909f56bfc062723c751e8b465ee728b)  -> (artifact id: 'c6cdbeeea9b42e2bf86e8c80c7608cd0') in 0.017650 seconds 
  Import took 0.028457 seconds .

========================================================================
Received Import Request.
  Time since last request: 0.000268 seconds.
  path: Assets/Settings/UniversalRP-HighQuality.asset
  artifactKey: Guid(19ba41d7c0026c3459d37c2fe90c55a0) Importer(815301076,1909f56bfc062723c751e8b465ee728b)
Start importing Assets/Settings/UniversalRP-HighQuality.asset using Guid(19ba41d7c0026c3459d37c2fe90c55a0) Importer(815301076,1909f56bfc062723c751e8b465ee728b)  -> (artifact id: '830a19abacffd2982fe520f0b2e7493f') in 0.011636 seconds 
  Import took 0.019085 seconds .

========================================================================
Received Import Request.
  Time since last request: 21.907011 seconds.
  path: Assets/camera_button.uxml
  artifactKey: Guid(690edf016ad6d6b47a5856ea38957bef) Importer(815301076,1909f56bfc062723c751e8b465ee728b)
Start importing Assets/camera_button.uxml using Guid(690edf016ad6d6b47a5856ea38957bef) Importer(815301076,1909f56bfc062723c751e8b465ee728b) Diagnostics callstack to track who triggered the sub-import:
0x00007ff6867266b2 (Unity) ImporterAssetResolver::ResolveAsset
0x00007ff6866f1cd2 (Unity) ResolveArtifactV2
0x00007ff686711690 (Unity) ImportToObjects
0x00007ff686710a98 (Unity) ImportAsset
0x00007ff6866727f8 (Unity) AssetImportWorker::Import
0x00007ff6866c5b8a (Unity) <lambda_7448d646502792db0127dc89657ec83e>::operator()
0x00007ff68676a262 (Unity) asio::detail::completion_handler<core::mutable_function<void __cdecl(void)> >::do_complete
0x00007ff68676c3c0 (Unity) asio::detail::win_iocp_io_service::do_one
0x00007ff68676fb4e (Unity) asio::io_service::run
0x00007ff6866f29eb (Unity) RunAssetImportWorkerClientV2
0x00007ff6866f2a40 (Unity) RunAssetImporterV2
0x00007ff685bb6616 (Unity) Application::InitializeProject
0x00007ff686561b22 (Unity) WinMain
0x00007ff6883b92b6 (Unity) __scrt_common_main_seh
0x00007ff8279e7034 (KERNEL32) BaseThreadInitThunk
0x00007ff8285026a1 (ntdll) RtlUserThreadStart

Requesting import of Guid(690edf016ad6d6b47a5856ea38957bef) Importer(-1,00000000000000000000000000000000), Assets/camera_button.uxml from editor
Resuming Guid(690edf016ad6d6b47a5856ea38957bef) Importer(-1,00000000000000000000000000000000) -> e399e1dbfc48e7c1a4df1efd7ed35615 
Assertion failed on expression: 'state.state == kUpToDate'
Assertion failed on expression: 'state.artifactID == result'
Diagnostics callstack to track who triggered the sub-import:
0x00007ff6867266b2 (Unity) ImporterAssetResolver::ResolveAsset
0x00007ff6866f1cd2 (Unity) ResolveArtifactV2
0x00007ff6866e8a91 (Unity) ProduceArtifactV2
0x00007ff6866377be (Unity) AssetDatabase::ProduceArtifact
0x00007ff68661c968 (Unity) PreviewImporter::GenerateAssetData
0x00007ff686711a59 (Unity) ImportToObjects
0x00007ff686710a98 (Unity) ImportAsset
0x00007ff6866727f8 (Unity) AssetImportWorker::Import
0x00007ff6866c5b8a (Unity) <lambda_7448d646502792db0127dc89657ec83e>::operator()
0x00007ff68676a262 (Unity) asio::detail::completion_handler<core::mutable_function<void __cdecl(void)> >::do_complete
0x00007ff68676c3c0 (Unity) asio::detail::win_iocp_io_service::do_one
0x00007ff68676fb4e (Unity) asio::io_service::run
0x00007ff6866f29eb (Unity) RunAssetImportWorkerClientV2
0x00007ff6866f2a40 (Unity) RunAssetImporterV2
0x00007ff685bb6616 (Unity) Application::InitializeProject
0x00007ff686561b22 (Unity) WinMain
0x00007ff6883b92b6 (Unity) __scrt_common_main_seh
0x00007ff8279e7034 (KERNEL32) BaseThreadInitThunk
0x00007ff8285026a1 (ntdll) RtlUserThreadStart

Requesting import of Guid(690edf016ad6d6b47a5856ea38957bef) Importer(-1,00000000000000000000000000000000), Assets/camera_button.uxml from editor
Resuming Guid(690edf016ad6d6b47a5856ea38957bef) Importer(-1,00000000000000000000000000000000) -> e399e1dbfc48e7c1a4df1efd7ed35615 
Assertion failed on expression: 'state.state == kUpToDate'
Assertion failed on expression: 'state.artifactID == result'
 -> (artifact id: '2e7960bed4327c30a7bd1b7d0c4c7d99') in 0.007261 seconds 
  Import took 0.016915 seconds .

========================================================================
Received Import Request.
  Time since last request: 0.000499 seconds.
  path: Assets/light_switch.uxml
  artifactKey: Guid(e106c789202e39f4d8fb37650f5dd795) Importer(815301076,1909f56bfc062723c751e8b465ee728b)
Start importing Assets/light_switch.uxml using Guid(e106c789202e39f4d8fb37650f5dd795) Importer(815301076,1909f56bfc062723c751e8b465ee728b) Diagnostics callstack to track who triggered the sub-import:
0x00007ff6867266b2 (Unity) ImporterAssetResolver::ResolveAsset
0x00007ff6866f1cd2 (Unity) ResolveArtifactV2
0x00007ff686711690 (Unity) ImportToObjects
0x00007ff686710a98 (Unity) ImportAsset
0x00007ff6866727f8 (Unity) AssetImportWorker::Import
0x00007ff6866c5b8a (Unity) <lambda_7448d646502792db0127dc89657ec83e>::operator()
0x00007ff68676a262 (Unity) asio::detail::completion_handler<core::mutable_function<void __cdecl(void)> >::do_complete
0x00007ff68676c3c0 (Unity) asio::detail::win_iocp_io_service::do_one
0x00007ff68676fb4e (Unity) asio::io_service::run
0x00007ff6866f29eb (Unity) RunAssetImportWorkerClientV2
0x00007ff6866f2a40 (Unity) RunAssetImporterV2
0x00007ff685bb6616 (Unity) Application::InitializeProject
0x00007ff686561b22 (Unity) WinMain
0x00007ff6883b92b6 (Unity) __scrt_common_main_seh
0x00007ff8279e7034 (KERNEL32) BaseThreadInitThunk
0x00007ff8285026a1 (ntdll) RtlUserThreadStart

Requesting import of Guid(e106c789202e39f4d8fb37650f5dd795) Importer(-1,00000000000000000000000000000000), Assets/light_switch.uxml from editor
Resuming Guid(e106c789202e39f4d8fb37650f5dd795) Importer(-1,00000000000000000000000000000000) -> 306e0d92af803b36b3edce8f3b8891fa 
Assertion failed on expression: 'state.state == kUpToDate'
Assertion failed on expression: 'state.artifactID == result'
Diagnostics callstack to track who triggered the sub-import:
0x00007ff6867266b2 (Unity) ImporterAssetResolver::ResolveAsset
0x00007ff6866f1cd2 (Unity) ResolveArtifactV2
0x00007ff6866e8a91 (Unity) ProduceArtifactV2
0x00007ff6866377be (Unity) AssetDatabase::ProduceArtifact
0x00007ff68661c968 (Unity) PreviewImporter::GenerateAssetData
0x00007ff686711a59 (Unity) ImportToObjects
0x00007ff686710a98 (Unity) ImportAsset
0x00007ff6866727f8 (Unity) AssetImportWorker::Import
0x00007ff6866c5b8a (Unity) <lambda_7448d646502792db0127dc89657ec83e>::operator()
0x00007ff68676a262 (Unity) asio::detail::completion_handler<core::mutable_function<void __cdecl(void)> >::do_complete
0x00007ff68676c3c0 (Unity) asio::detail::win_iocp_io_service::do_one
0x00007ff68676fb4e (Unity) asio::io_service::run
0x00007ff6866f29eb (Unity) RunAssetImportWorkerClientV2
0x00007ff6866f2a40 (Unity) RunAssetImporterV2
0x00007ff685bb6616 (Unity) Application::InitializeProject
0x00007ff686561b22 (Unity) WinMain
0x00007ff6883b92b6 (Unity) __scrt_common_main_seh
0x00007ff8279e7034 (KERNEL32) BaseThreadInitThunk
0x00007ff8285026a1 (ntdll) RtlUserThreadStart

Requesting import of Guid(e106c789202e39f4d8fb37650f5dd795) Importer(-1,00000000000000000000000000000000), Assets/light_switch.uxml from editor
Resuming Guid(e106c789202e39f4d8fb37650f5dd795) Importer(-1,00000000000000000000000000000000) -> 306e0d92af803b36b3edce8f3b8891fa 
Assertion failed on expression: 'state.state == kUpToDate'
Assertion failed on expression: 'state.artifactID == result'
 -> (artifact id: '71fb7c6a34167c5fb672e041f62b8b59') in 0.012778 seconds 
  Import took 0.020639 seconds .

========================================================================
Received Import Request.
  Time since last request: 3201.063407 seconds.
  path: Assets/camera_button.uxml
  artifactKey: Guid(690edf016ad6d6b47a5856ea38957bef) Importer(815301076,1909f56bfc062723c751e8b465ee728b)
Start importing Assets/camera_button.uxml using Guid(690edf016ad6d6b47a5856ea38957bef) Importer(815301076,1909f56bfc062723c751e8b465ee728b) Diagnostics callstack to track who triggered the sub-import:
0x00007ff6867266b2 (Unity) ImporterAssetResolver::ResolveAsset
0x00007ff6866f1cd2 (Unity) ResolveArtifactV2
0x00007ff686711690 (Unity) ImportToObjects
0x00007ff686710a98 (Unity) ImportAsset
0x00007ff6866727f8 (Unity) AssetImportWorker::Import
0x00007ff6866c5b8a (Unity) <lambda_7448d646502792db0127dc89657ec83e>::operator()
0x00007ff68676a262 (Unity) asio::detail::completion_handler<core::mutable_function<void __cdecl(void)> >::do_complete
0x00007ff68676c3c0 (Unity) asio::detail::win_iocp_io_service::do_one
0x00007ff68676fb4e (Unity) asio::io_service::run
0x00007ff6866f29eb (Unity) RunAssetImportWorkerClientV2
0x00007ff6866f2a40 (Unity) RunAssetImporterV2
0x00007ff685bb6616 (Unity) Application::InitializeProject
0x00007ff686561b22 (Unity) WinMain
0x00007ff6883b92b6 (Unity) __scrt_common_main_seh
0x00007ff8279e7034 (KERNEL32) BaseThreadInitThunk
0x00007ff8285026a1 (ntdll) RtlUserThreadStart

Requesting import of Guid(690edf016ad6d6b47a5856ea38957bef) Importer(-1,00000000000000000000000000000000), Assets/camera_button.uxml from editor
Resuming Guid(690edf016ad6d6b47a5856ea38957bef) Importer(-1,00000000000000000000000000000000) -> e399e1dbfc48e7c1a4df1efd7ed35615 
Assertion failed on expression: 'state.state == kUpToDate'
Assertion failed on expression: 'state.artifactID == result'
Diagnostics callstack to track who triggered the sub-import:
0x00007ff6867266b2 (Unity) ImporterAssetResolver::ResolveAsset
0x00007ff6866f1cd2 (Unity) ResolveArtifactV2
0x00007ff6866e8a91 (Unity) ProduceArtifactV2
0x00007ff6866377be (Unity) AssetDatabase::ProduceArtifact
0x00007ff68661c968 (Unity) PreviewImporter::GenerateAssetData
0x00007ff686711a59 (Unity) ImportToObjects
0x00007ff686710a98 (Unity) ImportAsset
0x00007ff6866727f8 (Unity) AssetImportWorker::Import
0x00007ff6866c5b8a (Unity) <lambda_7448d646502792db0127dc89657ec83e>::operator()
0x00007ff68676a262 (Unity) asio::detail::completion_handler<core::mutable_function<void __cdecl(void)> >::do_complete
0x00007ff68676c3c0 (Unity) asio::detail::win_iocp_io_service::do_one
0x00007ff68676fb4e (Unity) asio::io_service::run
0x00007ff6866f29eb (Unity) RunAssetImportWorkerClientV2
0x00007ff6866f2a40 (Unity) RunAssetImporterV2
0x00007ff685bb6616 (Unity) Application::InitializeProject
0x00007ff686561b22 (Unity) WinMain
0x00007ff6883b92b6 (Unity) __scrt_common_main_seh
0x00007ff8279e7034 (KERNEL32) BaseThreadInitThunk
0x00007ff8285026a1 (ntdll) RtlUserThreadStart

Requesting import of Guid(690edf016ad6d6b47a5856ea38957bef) Importer(-1,00000000000000000000000000000000), Assets/camera_button.uxml from editor
Resuming Guid(690edf016ad6d6b47a5856ea38957bef) Importer(-1,00000000000000000000000000000000) -> e399e1dbfc48e7c1a4df1efd7ed35615 
Assertion failed on expression: 'state.state == kUpToDate'
Assertion failed on expression: 'state.artifactID == result'
 -> (artifact id: '2e7960bed4327c30a7bd1b7d0c4c7d99') in 0.013961 seconds 
  Import took 0.074614 seconds .

========================================================================
Received Import Request.
  Time since last request: 0.000307 seconds.
  path: Assets/New Material.mat
  artifactKey: Guid(ebb018efbd5cc0449b0124059edafbef) Importer(815301076,1909f56bfc062723c751e8b465ee728b)
Start importing Assets/New Material.mat using Guid(ebb018efbd5cc0449b0124059edafbef) Importer(815301076,1909f56bfc062723c751e8b465ee728b)  -> (artifact id: '4d14c9c8aa6760f085b48bd8df742a06') in 0.097637 seconds 
  Import took 0.138135 seconds .

========================================================================
Received Import Request.
  Time since last request: 0.000368 seconds.
  path: Assets/light_switch.uxml
  artifactKey: Guid(e106c789202e39f4d8fb37650f5dd795) Importer(815301076,1909f56bfc062723c751e8b465ee728b)
Start importing Assets/light_switch.uxml using Guid(e106c789202e39f4d8fb37650f5dd795) Importer(815301076,1909f56bfc062723c751e8b465ee728b) Diagnostics callstack to track who triggered the sub-import:
0x00007ff6867266b2 (Unity) ImporterAssetResolver::ResolveAsset
0x00007ff6866f1cd2 (Unity) ResolveArtifactV2
0x00007ff686711690 (Unity) ImportToObjects
0x00007ff686710a98 (Unity) ImportAsset
0x00007ff6866727f8 (Unity) AssetImportWorker::Import
0x00007ff6866c5b8a (Unity) <lambda_7448d646502792db0127dc89657ec83e>::operator()
0x00007ff68676a262 (Unity) asio::detail::completion_handler<core::mutable_function<void __cdecl(void)> >::do_complete
0x00007ff68676c3c0 (Unity) asio::detail::win_iocp_io_service::do_one
0x00007ff68676fb4e (Unity) asio::io_service::run
0x00007ff6866f29eb (Unity) RunAssetImportWorkerClientV2
0x00007ff6866f2a40 (Unity) RunAssetImporterV2
0x00007ff685bb6616 (Unity) Application::InitializeProject
0x00007ff686561b22 (Unity) WinMain
0x00007ff6883b92b6 (Unity) __scrt_common_main_seh
0x00007ff8279e7034 (KERNEL32) BaseThreadInitThunk
0x00007ff8285026a1 (ntdll) RtlUserThreadStart

Requesting import of Guid(e106c789202e39f4d8fb37650f5dd795) Importer(-1,00000000000000000000000000000000), Assets/light_switch.uxml from editor
Resuming Guid(e106c789202e39f4d8fb37650f5dd795) Importer(-1,00000000000000000000000000000000) -> 306e0d92af803b36b3edce8f3b8891fa 
Assertion failed on expression: 'state.state == kUpToDate'
Assertion failed on expression: 'state.artifactID == result'
Diagnostics callstack to track who triggered the sub-import:
0x00007ff6867266b2 (Unity) ImporterAssetResolver::ResolveAsset
0x00007ff6866f1cd2 (Unity) ResolveArtifactV2
0x00007ff6866e8a91 (Unity) ProduceArtifactV2
0x00007ff6866377be (Unity) AssetDatabase::ProduceArtifact
0x00007ff68661c968 (Unity) PreviewImporter::GenerateAssetData
0x00007ff686711a59 (Unity) ImportToObjects
0x00007ff686710a98 (Unity) ImportAsset
0x00007ff6866727f8 (Unity) AssetImportWorker::Import
0x00007ff6866c5b8a (Unity) <lambda_7448d646502792db0127dc89657ec83e>::operator()
0x00007ff68676a262 (Unity) asio::detail::completion_handler<core::mutable_function<void __cdecl(void)> >::do_complete
0x00007ff68676c3c0 (Unity) asio::detail::win_iocp_io_service::do_one
0x00007ff68676fb4e (Unity) asio::io_service::run
0x00007ff6866f29eb (Unity) RunAssetImportWorkerClientV2
0x00007ff6866f2a40 (Unity) RunAssetImporterV2
0x00007ff685bb6616 (Unity) Application::InitializeProject
0x00007ff686561b22 (Unity) WinMain
0x00007ff6883b92b6 (Unity) __scrt_common_main_seh
0x00007ff8279e7034 (KERNEL32) BaseThreadInitThunk
0x00007ff8285026a1 (ntdll) RtlUserThreadStart

Requesting import of Guid(e106c789202e39f4d8fb37650f5dd795) Importer(-1,00000000000000000000000000000000), Assets/light_switch.uxml from editor
Resuming Guid(e106c789202e39f4d8fb37650f5dd795) Importer(-1,00000000000000000000000000000000) -> 306e0d92af803b36b3edce8f3b8891fa 
Assertion failed on expression: 'state.state == kUpToDate'
Assertion failed on expression: 'state.artifactID == result'
 -> (artifact id: '71fb7c6a34167c5fb672e041f62b8b59') in 0.010491 seconds 
  Import took 0.018688 seconds .

AssetImportWorkerClient::OnTransportError - code=2 error=End of file
